2025-01-08 10:41:07.728 [31merror[39m: [31m<-- POST /api/login 500 3ms[39m
[31mError: sequelize is not defined[39m
[31mStack: ReferenceError: sequelize is not defined[39m
[31m    at dynamicLoggingMiddleware (/Users/senkoo/koa/src/middleware/logger.middleware.js:43:5)[39m
[31m    at dispatch (/Users/senkoo/koa/node_modules/.pnpm/koa-compose@4.1.0/node_modules/koa-compose/index.js:42:32)[39m
[31m    at loggerMiddleware (/Users/senkoo/koa/src/middleware/logger.middleware.js:20:15)[39m
[31m    at dispatch (/Users/senkoo/koa/node_modules/.pnpm/koa-compose@4.1.0/node_modules/koa-compose/index.js:42:32)[39m
[31m    at /Users/senkoo/koa/node_modules/.pnpm/koa-compose@4.1.0/node_modules/koa-compose/index.js:34:12[39m
[31m    at Application.handleRequest (/Users/senkoo/koa/node_modules/.pnpm/koa@2.15.3/node_modules/koa/lib/application.js:186:12)[39m
[31m    at Server.handleRequest (/Users/senkoo/koa/node_modules/.pnpm/koa@2.15.3/node_modules/koa/lib/application.js:157:21)[39m
[31m    at Server.emit (node:events:517:28)[39m
[31m    at parserOnIncoming (node:_http_server:1107:12)[39m
[31m    at HTTPParser.parserOnHeadersComplete (node:_http_common:119:17)[39m
2025-01-08 10:42:14.483 [31merror[39m: [31m<-- POST /api/login 500 3ms[39m
[31mError: Cannot set properties of undefined (setting 'logging')[39m
[31mStack: TypeError: Cannot set properties of undefined (setting 'logging')[39m
[31m    at dynamicLoggingMiddleware (/Users/senkoo/koa/src/middleware/logger.middleware.js:44:31)[39m
[31m    at dispatch (/Users/senkoo/koa/node_modules/.pnpm/koa-compose@4.1.0/node_modules/koa-compose/index.js:42:32)[39m
[31m    at loggerMiddleware (/Users/senkoo/koa/src/middleware/logger.middleware.js:21:15)[39m
[31m    at dispatch (/Users/senkoo/koa/node_modules/.pnpm/koa-compose@4.1.0/node_modules/koa-compose/index.js:42:32)[39m
[31m    at /Users/senkoo/koa/node_modules/.pnpm/koa-compose@4.1.0/node_modules/koa-compose/index.js:34:12[39m
[31m    at Application.handleRequest (/Users/senkoo/koa/node_modules/.pnpm/koa@2.15.3/node_modules/koa/lib/application.js:186:12)[39m
[31m    at Server.handleRequest (/Users/senkoo/koa/node_modules/.pnpm/koa@2.15.3/node_modules/koa/lib/application.js:157:21)[39m
[31m    at Server.emit (node:events:517:28)[39m
[31m    at parserOnIncoming (node:_http_server:1107:12)[39m
[31m    at HTTPParser.parserOnHeadersComplete (node:_http_common:119:17)[39m
